  tutorial.cpp
  title.cpp
  timer2.cpp
  timer.cpp
  Selectmode.cpp
  player.cpp
  main.cpp
  light.cpp
  input.cpp
  game.cpp
  fade.cpp
  camera.cpp
  sound.cpp
  sky.cpp
  pause.cpp
  obstacle.cpp
  Monitor3.cpp
  Monitor2.cpp
  Monitor.cpp
  model.cpp
  コードを生成中...
  コンパイル中...
  goal.cpp
  gauge.cpp
  gameover.cpp
  ColorBall.cpp
  clear.cpp
  コードを生成中...
  LINK : 前回のインクリメンタル リンクで C:\Users\game101\Desktop\チーム制作フレームワーク1.7\Debug\3D_01.exe が見つからなかったか、ビルドされませんでした。フル リンクを行います。
  3D_01.vcxproj -> C:\Users\game101\Desktop\チーム制作フレームワーク1.7\Debug\3D_01.exe
  3D_01.vcxproj -> C:\Users\game101\Desktop\チーム制作フレームワーク1.7\Debug\3D_01.pdb (Full PDB)
