c:\users\game101\desktop\ハッカソン冬\チーム制作フレームワーク1.7\debug\vc140.pdb
c:\users\game101\desktop\ハッカソン冬\チーム制作フレームワーク1.7\debug\vc140.idb
c:\users\game101\desktop\ハッカソン冬\チーム制作フレームワーク1.7\debug\gameover.obj
c:\users\game101\desktop\ハッカソン冬\チーム制作フレームワーク1.7\debug\gauge.obj
c:\users\game101\desktop\ハッカソン冬\チーム制作フレームワーク1.7\debug\goal.obj
c:\users\game101\desktop\ハッカソン冬\チーム制作フレームワーク1.7\debug\model.obj
c:\users\game101\desktop\ハッカソン冬\チーム制作フレームワーク1.7\debug\obstacle.obj
c:\users\game101\desktop\ハッカソン冬\チーム制作フレームワーク1.7\debug\pause.obj
c:\users\game101\desktop\ハッカソン冬\チーム制作フレームワーク1.7\debug\sky.obj
c:\users\game101\desktop\ハッカソン冬\チーム制作フレームワーク1.7\debug\sound.obj
c:\users\game101\desktop\ハッカソン冬\チーム制作フレームワーク1.7\debug\camera.obj
c:\users\game101\desktop\ハッカソン冬\チーム制作フレームワーク1.7\debug\fade.obj
c:\users\game101\desktop\ハッカソン冬\チーム制作フレームワーク1.7\debug\game.obj
c:\users\game101\desktop\ハッカソン冬\チーム制作フレームワーク1.7\debug\input.obj
c:\users\game101\desktop\ハッカソン冬\チーム制作フレームワーク1.7\debug\light.obj
c:\users\game101\desktop\ハッカソン冬\チーム制作フレームワーク1.7\debug\main.obj
c:\users\game101\desktop\ハッカソン冬\チーム制作フレームワーク1.7\debug\player.obj
c:\users\game101\desktop\ハッカソン冬\チーム制作フレームワーク1.7\debug\selectmode.obj
c:\users\game101\desktop\ハッカソン冬\チーム制作フレームワーク1.7\debug\timer.obj
c:\users\game101\desktop\ハッカソン冬\チーム制作フレームワーク1.7\debug\timer2.obj
c:\users\game101\desktop\ハッカソン冬\チーム制作フレームワーク1.7\debug\title.obj
c:\users\game101\desktop\ハッカソン冬\チーム制作フレームワーク1.7\debug\tutorial.obj
c:\users\game101\desktop\ハッカソン冬\チーム制作フレームワーク1.7\debug\clear.obj
c:\users\game101\desktop\ハッカソン冬\チーム制作フレームワーク1.7\debug\colorball.obj
c:\users\game101\desktop\ハッカソン冬\チーム制作フレームワーク1.7\debug\monitor.obj
c:\users\game101\desktop\ハッカソン冬\チーム制作フレームワーク1.7\debug\monitor2.obj
c:\users\game101\desktop\ハッカソン冬\チーム制作フレームワーク1.7\debug\monitor3.obj
c:\users\game101\desktop\ハッカソン冬\チーム制作フレームワーク1.7\debug\3d_01.ilk
c:\users\game101\desktop\ハッカソン冬\チーム制作フレームワーク1.7\debug\3d_01.exe
c:\users\game101\desktop\ハッカソン冬\チーム制作フレームワーク1.7\debug\3d_01.pdb
c:\users\game101\desktop\ハッカソン冬\チーム制作フレームワーク1.7\debug\3d_01.tlog\cl.command.1.tlog
c:\users\game101\desktop\ハッカソン冬\チーム制作フレームワーク1.7\debug\3d_01.tlog\cl.read.1.tlog
c:\users\game101\desktop\ハッカソン冬\チーム制作フレームワーク1.7\debug\3d_01.tlog\cl.write.1.tlog
c:\users\game101\desktop\ハッカソン冬\チーム制作フレームワーク1.7\debug\3d_01.tlog\link.command.1.tlog
c:\users\game101\desktop\ハッカソン冬\チーム制作フレームワーク1.7\debug\3d_01.tlog\link.read.1.tlog
c:\users\game101\desktop\ハッカソン冬\チーム制作フレームワーク1.7\debug\3d_01.tlog\link.write.1.tlog
