c:\users\game101\desktop\ハッカソン\3.0\debug\vc140.pdb
c:\users\game101\desktop\ハッカソン\3.0\debug\vc140.idb
c:\users\game101\desktop\ハッカソン\3.0\debug\light.obj
c:\users\game101\desktop\ハッカソン\3.0\debug\main.obj
c:\users\game101\desktop\ハッカソン\3.0\debug\model.obj
c:\users\game101\desktop\ハッカソン\3.0\debug\number.obj
c:\users\game101\desktop\ハッカソン\3.0\debug\ranking.obj
c:\users\game101\desktop\ハッカソン\3.0\debug\renderer.obj
c:\users\game101\desktop\ハッカソン\3.0\debug\scene.obj
c:\users\game101\desktop\ハッカソン\3.0\debug\scene2d.obj
c:\users\game101\desktop\ハッカソン\3.0\debug\scene3d.obj
c:\users\game101\desktop\ハッカソン\3.0\debug\scenex.obj
c:\users\game101\desktop\ハッカソン\3.0\debug\score.obj
c:\users\game101\desktop\ハッカソン\3.0\debug\shadow.obj
c:\users\game101\desktop\ハッカソン\3.0\debug\sound.obj
c:\users\game101\desktop\ハッカソン\3.0\debug\wall.obj
c:\users\game101\desktop\ハッカソン\3.0\debug\3dobject.obj
c:\users\game101\desktop\ハッカソン\3.0\debug\debugproc.obj
c:\users\game101\desktop\ハッカソン\3.0\debug\effect.obj
c:\users\game101\desktop\ハッカソン\3.0\debug\fade.obj
c:\users\game101\desktop\ハッカソン\3.0\debug\floor.obj
c:\users\game101\desktop\ハッカソン\3.0\debug\input.obj
c:\users\game101\desktop\ハッカソン\3.0\debug\camera.obj
c:\users\game101\desktop\ハッカソン\3.0\debug\time.obj
c:\users\game101\desktop\ハッカソン\3.0\debug\ui.obj
c:\users\game101\desktop\ハッカソン\3.0\debug\block.obj
c:\users\game101\desktop\ハッカソン\3.0\debug\game.obj
c:\users\game101\desktop\ハッカソン\3.0\debug\manager.obj
c:\users\game101\desktop\ハッカソン\3.0\debug\player.obj
c:\users\game101\desktop\ハッカソン\3.0\debug\title.obj
c:\users\game101\desktop\ハッカソン\3.0\debug\tutorial.obj
c:\users\game101\desktop\ハッカソン\3.0\debug\個人制作3dゲーム2年.ilk
c:\users\game101\desktop\ハッカソン\3.0\debug\個人制作3dゲーム2年.exe
c:\users\game101\desktop\ハッカソン\3.0\debug\個人制作3dゲーム2年.pdb
c:\users\game101\desktop\ハッカソン\3.0\debug\bullet2d.obj
c:\users\game101\desktop\ハッカソン\3.0\debug\bullet3d.obj
c:\users\game101\desktop\ハッカソン\3.0\debug\bulletnumber.obj
c:\users\game101\desktop\ハッカソン\3.0\debug\enemy.obj
c:\users\game101\desktop\ハッカソン\3.0\debug\hpber3d.obj
c:\users\game101\desktop\ハッカソン\3.0\debug\item.obj
c:\users\game101\desktop\ハッカソン\3.0\debug\orbit.obj
c:\users\game101\desktop\ハッカソン\3.0\debug\pause.obj
c:\users\game101\desktop\ハッカソン\3.0\debug\result.obj
c:\users\game101\desktop\ハッカソン\3.0\debug\selectmode.obj
c:\users\game101\desktop\ハッカソン\3.0\debug\個人制作3dゲーム2年.tlog\cl.command.1.tlog
c:\users\game101\desktop\ハッカソン\3.0\debug\個人制作3dゲーム2年.tlog\cl.read.1.tlog
c:\users\game101\desktop\ハッカソン\3.0\debug\個人制作3dゲーム2年.tlog\cl.write.1.tlog
c:\users\game101\desktop\ハッカソン\3.0\debug\個人制作3dゲーム2年.tlog\link.command.1.tlog
c:\users\game101\desktop\ハッカソン\3.0\debug\個人制作3dゲーム2年.tlog\link.read.1.tlog
c:\users\game101\desktop\ハッカソン\3.0\debug\個人制作3dゲーム2年.tlog\link.write.1.tlog
