  tutorial.cpp
  title.cpp
  time.cpp
  tbossenemy.cpp
  sound.cpp
  sideenemy.cpp
  Selectmode.cpp
  score.cpp
  result.cpp
  ranking.cpp
  player.cpp
  Pause.cpp
  nlife.cpp
  main.cpp
  life.cpp
  input.cpp
  game.cpp
  fade.cpp
  explosion.cpp
  enemy.cpp
  コードを生成中...
  コンパイル中...
  effect.cpp
  clear.cpp
  bullet.cpp
  bg.cpp
  コードを生成中...
  宇宙防衛軍.vcxproj -> C:\Users\game101\Desktop\吉田学園　情報ビジネス専門学校　阿部佑太朗\01_弾幕シューティングゲーム_個人制作\03_開発環境\宇宙防衛軍\Debug\宇宙防衛軍.exe
  宇宙防衛軍.vcxproj -> C:\Users\game101\Desktop\吉田学園　情報ビジネス専門学校　阿部佑太朗\01_弾幕シューティングゲーム_個人制作\03_開発環境\宇宙防衛軍\Debug\宇宙防衛軍.pdb (Full PDB)
