c:\users\game101\desktop\吉田学園　情報ビジネス専門学校　阿部佑太朗\06_アクションシューティングゲーム_個人制作\03_開発環境\サイボー軍\release\vc140.pdb
c:\users\game101\desktop\吉田学園　情報ビジネス専門学校　阿部佑太朗\06_アクションシューティングゲーム_個人制作\03_開発環境\サイボー軍\release\renderer.obj
c:\users\game101\desktop\吉田学園　情報ビジネス専門学校　阿部佑太朗\06_アクションシューティングゲーム_個人制作\03_開発環境\サイボー軍\release\player.obj
c:\users\game101\desktop\吉田学園　情報ビジネス専門学校　阿部佑太朗\06_アクションシューティングゲーム_個人制作\03_開発環境\サイボー軍\release\pause.obj
c:\users\game101\desktop\吉田学園　情報ビジネス専門学校　阿部佑太朗\06_アクションシューティングゲーム_個人制作\03_開発環境\サイボー軍\release\number.obj
c:\users\game101\desktop\吉田学園　情報ビジネス専門学校　阿部佑太朗\06_アクションシューティングゲーム_個人制作\03_開発環境\サイボー軍\release\missionmessage.obj
c:\users\game101\desktop\吉田学園　情報ビジネス専門学校　阿部佑太朗\06_アクションシューティングゲーム_個人制作\03_開発環境\サイボー軍\release\manager.obj
c:\users\game101\desktop\吉田学園　情報ビジネス専門学校　阿部佑太朗\06_アクションシューティングゲーム_個人制作\03_開発環境\サイボー軍\release\main.obj
c:\users\game101\desktop\吉田学園　情報ビジネス専門学校　阿部佑太朗\06_アクションシューティングゲーム_個人制作\03_開発環境\サイボー軍\release\life.obj
c:\users\game101\desktop\吉田学園　情報ビジネス専門学校　阿部佑太朗\06_アクションシューティングゲーム_個人制作\03_開発環境\サイボー軍\release\item.obj
c:\users\game101\desktop\吉田学園　情報ビジネス専門学校　阿部佑太朗\06_アクションシューティングゲーム_個人制作\03_開発環境\サイボー軍\release\input.obj
c:\users\game101\desktop\吉田学園　情報ビジネス専門学校　阿部佑太朗\06_アクションシューティングゲーム_個人制作\03_開発環境\サイボー軍\release\game.obj
c:\users\game101\desktop\吉田学園　情報ビジネス専門学校　阿部佑太朗\06_アクションシューティングゲーム_個人制作\03_開発環境\サイボー軍\release\fade.obj
c:\users\game101\desktop\吉田学園　情報ビジネス専門学校　阿部佑太朗\06_アクションシューティングゲーム_個人制作\03_開発環境\サイボー軍\release\explosion.obj
c:\users\game101\desktop\吉田学園　情報ビジネス専門学校　阿部佑太朗\06_アクションシューティングゲーム_個人制作\03_開発環境\サイボー軍\release\enemycount.obj
c:\users\game101\desktop\吉田学園　情報ビジネス専門学校　阿部佑太朗\06_アクションシューティングゲーム_個人制作\03_開発環境\サイボー軍\release\enemy.obj
c:\users\game101\desktop\吉田学園　情報ビジネス専門学校　阿部佑太朗\06_アクションシューティングゲーム_個人制作\03_開発環境\サイボー軍\release\effect.obj
c:\users\game101\desktop\吉田学園　情報ビジネス専門学校　阿部佑太朗\06_アクションシューティングゲーム_個人制作\03_開発環境\サイボー軍\release\credit.obj
c:\users\game101\desktop\吉田学園　情報ビジネス専門学校　阿部佑太朗\06_アクションシューティングゲーム_個人制作\03_開発環境\サイボー軍\release\bullet.obj
c:\users\game101\desktop\吉田学園　情報ビジネス専門学校　阿部佑太朗\06_アクションシューティングゲーム_個人制作\03_開発環境\サイボー軍\release\block.obj
c:\users\game101\desktop\吉田学園　情報ビジネス専門学校　阿部佑太朗\06_アクションシューティングゲーム_個人制作\03_開発環境\サイボー軍\release\bg.obj
c:\users\game101\desktop\吉田学園　情報ビジネス専門学校　阿部佑太朗\06_アクションシューティングゲーム_個人制作\03_開発環境\サイボー軍\release\title.obj
c:\users\game101\desktop\吉田学園　情報ビジネス専門学校　阿部佑太朗\06_アクションシューティングゲーム_個人制作\03_開発環境\サイボー軍\release\time.obj
c:\users\game101\desktop\吉田学園　情報ビジネス専門学校　阿部佑太朗\06_アクションシューティングゲーム_個人制作\03_開発環境\サイボー軍\release\stageselect.obj
c:\users\game101\desktop\吉田学園　情報ビジネス専門学校　阿部佑太朗\06_アクションシューティングゲーム_個人制作\03_開発環境\サイボー軍\release\sound.obj
c:\users\game101\desktop\吉田学園　情報ビジネス専門学校　阿部佑太朗\06_アクションシューティングゲーム_個人制作\03_開発環境\サイボー軍\release\select.obj
c:\users\game101\desktop\吉田学園　情報ビジネス専門学校　阿部佑太朗\06_アクションシューティングゲーム_個人制作\03_開発環境\サイボー軍\release\score.obj
c:\users\game101\desktop\吉田学園　情報ビジネス専門学校　阿部佑太朗\06_アクションシューティングゲーム_個人制作\03_開発環境\サイボー軍\release\scenen2d.obj
c:\users\game101\desktop\吉田学園　情報ビジネス専門学校　阿部佑太朗\06_アクションシューティングゲーム_個人制作\03_開発環境\サイボー軍\release\scene.obj
c:\users\game101\desktop\吉田学園　情報ビジネス専門学校　阿部佑太朗\06_アクションシューティングゲーム_個人制作\03_開発環境\サイボー軍\release\result.obj
c:\users\game101\desktop\吉田学園　情報ビジネス専門学校　阿部佑太朗\06_アクションシューティングゲーム_個人制作\03_開発環境\サイボー軍\release\サイボー軍.exe
c:\users\game101\desktop\吉田学園　情報ビジネス専門学校　阿部佑太朗\06_アクションシューティングゲーム_個人制作\03_開発環境\サイボー軍\release\サイボー軍.pdb
c:\users\game101\desktop\吉田学園　情報ビジネス専門学校　阿部佑太朗\06_アクションシューティングゲーム_個人制作\03_開発環境\サイボー軍\release\サイボー軍.ipdb
c:\users\game101\desktop\吉田学園　情報ビジネス専門学校　阿部佑太朗\06_アクションシューティングゲーム_個人制作\03_開発環境\サイボー軍\release\サイボー軍.iobj
c:\users\game101\desktop\吉田学園　情報ビジネス専門学校　阿部佑太朗\06_アクションシューティングゲーム_個人制作\03_開発環境\サイボー軍\release\サイボー軍.tlog\cl.command.1.tlog
c:\users\game101\desktop\吉田学園　情報ビジネス専門学校　阿部佑太朗\06_アクションシューティングゲーム_個人制作\03_開発環境\サイボー軍\release\サイボー軍.tlog\cl.read.1.tlog
c:\users\game101\desktop\吉田学園　情報ビジネス専門学校　阿部佑太朗\06_アクションシューティングゲーム_個人制作\03_開発環境\サイボー軍\release\サイボー軍.tlog\cl.write.1.tlog
c:\users\game101\desktop\吉田学園　情報ビジネス専門学校　阿部佑太朗\06_アクションシューティングゲーム_個人制作\03_開発環境\サイボー軍\release\サイボー軍.tlog\link.command.1.tlog
c:\users\game101\desktop\吉田学園　情報ビジネス専門学校　阿部佑太朗\06_アクションシューティングゲーム_個人制作\03_開発環境\サイボー軍\release\サイボー軍.tlog\link.read.1.tlog
c:\users\game101\desktop\吉田学園　情報ビジネス専門学校　阿部佑太朗\06_アクションシューティングゲーム_個人制作\03_開発環境\サイボー軍\release\サイボー軍.tlog\link.write.1.tlog
