c:\users\game101\desktop\展示会作品\プログラム\ver5.5 ゲームオーバー\release\vc140.pdb
c:\users\game101\desktop\展示会作品\プログラム\ver5.5 ゲームオーバー\release\number.obj
c:\users\game101\desktop\展示会作品\プログラム\ver5.5 ゲームオーバー\release\model.obj
c:\users\game101\desktop\展示会作品\プログラム\ver5.5 ゲームオーバー\release\manager.obj
c:\users\game101\desktop\展示会作品\プログラム\ver5.5 ゲームオーバー\release\main.obj
c:\users\game101\desktop\展示会作品\プログラム\ver5.5 ゲームオーバー\release\light.obj
c:\users\game101\desktop\展示会作品\プログラム\ver5.5 ゲームオーバー\release\bulletnumber.obj
c:\users\game101\desktop\展示会作品\プログラム\ver5.5 ゲームオーバー\release\hpber3d.obj
c:\users\game101\desktop\展示会作品\プログラム\ver5.5 ゲームオーバー\release\item.obj
c:\users\game101\desktop\展示会作品\プログラム\ver5.5 ゲームオーバー\release\input.obj
c:\users\game101\desktop\展示会作品\プログラム\ver5.5 ゲームオーバー\release\game.obj
c:\users\game101\desktop\展示会作品\プログラム\ver5.5 ゲームオーバー\release\floor.obj
c:\users\game101\desktop\展示会作品\プログラム\ver5.5 ゲームオーバー\release\fade.obj
c:\users\game101\desktop\展示会作品\プログラム\ver5.5 ゲームオーバー\release\enemy.obj
c:\users\game101\desktop\展示会作品\プログラム\ver5.5 ゲームオーバー\release\effect.obj
c:\users\game101\desktop\展示会作品\プログラム\ver5.5 ゲームオーバー\release\debugproc.obj
c:\users\game101\desktop\展示会作品\プログラム\ver5.5 ゲームオーバー\release\camera.obj
c:\users\game101\desktop\展示会作品\プログラム\ver5.5 ゲームオーバー\release\bullet3d.obj
c:\users\game101\desktop\展示会作品\プログラム\ver5.5 ゲームオーバー\release\bullet2d.obj
c:\users\game101\desktop\展示会作品\プログラム\ver5.5 ゲームオーバー\release\block.obj
c:\users\game101\desktop\展示会作品\プログラム\ver5.5 ゲームオーバー\release\3dobject.obj
c:\users\game101\desktop\展示会作品\プログラム\ver5.5 ゲームオーバー\release\wall.obj
c:\users\game101\desktop\展示会作品\プログラム\ver5.5 ゲームオーバー\release\ui.obj
c:\users\game101\desktop\展示会作品\プログラム\ver5.5 ゲームオーバー\release\title.obj
c:\users\game101\desktop\展示会作品\プログラム\ver5.5 ゲームオーバー\release\sound.obj
c:\users\game101\desktop\展示会作品\プログラム\ver5.5 ゲームオーバー\release\shadow.obj
c:\users\game101\desktop\展示会作品\プログラム\ver5.5 ゲームオーバー\release\selectmode.obj
c:\users\game101\desktop\展示会作品\プログラム\ver5.5 ゲームオーバー\release\score.obj
c:\users\game101\desktop\展示会作品\プログラム\ver5.5 ゲームオーバー\release\scenex.obj
c:\users\game101\desktop\展示会作品\プログラム\ver5.5 ゲームオーバー\release\scene3d.obj
c:\users\game101\desktop\展示会作品\プログラム\ver5.5 ゲームオーバー\release\scene2d.obj
c:\users\game101\desktop\展示会作品\プログラム\ver5.5 ゲームオーバー\release\scene.obj
c:\users\game101\desktop\展示会作品\プログラム\ver5.5 ゲームオーバー\release\result.obj
c:\users\game101\desktop\展示会作品\プログラム\ver5.5 ゲームオーバー\release\renderer.obj
c:\users\game101\desktop\展示会作品\プログラム\ver5.5 ゲームオーバー\release\player.obj
c:\users\game101\desktop\展示会作品\プログラム\ver5.5 ゲームオーバー\release\pause.obj
c:\users\game101\desktop\展示会作品\プログラム\ver5.5 ゲームオーバー\release\orbit.obj
c:\users\game101\desktop\展示会作品\プログラム\ver5.6 すてーじ3\release\vc140.pdb
c:\users\game101\desktop\展示会作品\プログラム\ver5.6 すてーじ3\release\number.obj
c:\users\game101\desktop\展示会作品\プログラム\ver5.6 すてーじ3\release\model.obj
c:\users\game101\desktop\展示会作品\プログラム\ver5.6 すてーじ3\release\manager.obj
c:\users\game101\desktop\展示会作品\プログラム\ver5.6 すてーじ3\release\main.obj
c:\users\game101\desktop\展示会作品\プログラム\ver5.6 すてーじ3\release\light.obj
c:\users\game101\desktop\展示会作品\プログラム\ver5.6 すてーじ3\release\bulletnumber.obj
c:\users\game101\desktop\展示会作品\プログラム\ver5.6 すてーじ3\release\hpber3d.obj
c:\users\game101\desktop\展示会作品\プログラム\ver5.6 すてーじ3\release\item.obj
c:\users\game101\desktop\展示会作品\プログラム\ver5.6 すてーじ3\release\input.obj
c:\users\game101\desktop\展示会作品\プログラム\ver5.6 すてーじ3\release\game.obj
c:\users\game101\desktop\展示会作品\プログラム\ver5.6 すてーじ3\release\floor.obj
c:\users\game101\desktop\展示会作品\プログラム\ver5.6 すてーじ3\release\fade.obj
c:\users\game101\desktop\展示会作品\プログラム\ver5.6 すてーじ3\release\enemy.obj
c:\users\game101\desktop\展示会作品\プログラム\ver5.6 すてーじ3\release\effect.obj
c:\users\game101\desktop\展示会作品\プログラム\ver5.6 すてーじ3\release\debugproc.obj
c:\users\game101\desktop\展示会作品\プログラム\ver5.6 すてーじ3\release\camera.obj
c:\users\game101\desktop\展示会作品\プログラム\ver5.6 すてーじ3\release\bullet3d.obj
c:\users\game101\desktop\展示会作品\プログラム\ver5.6 すてーじ3\release\bullet2d.obj
c:\users\game101\desktop\展示会作品\プログラム\ver5.6 すてーじ3\release\block.obj
c:\users\game101\desktop\展示会作品\プログラム\ver5.6 すてーじ3\release\3dobject.obj
c:\users\game101\desktop\展示会作品\プログラム\ver5.6 すてーじ3\release\wall.obj
c:\users\game101\desktop\展示会作品\プログラム\ver5.6 すてーじ3\release\ui.obj
c:\users\game101\desktop\展示会作品\プログラム\ver5.6 すてーじ3\release\title.obj
c:\users\game101\desktop\展示会作品\プログラム\ver5.6 すてーじ3\release\sound.obj
c:\users\game101\desktop\展示会作品\プログラム\ver5.6 すてーじ3\release\shadow.obj
c:\users\game101\desktop\展示会作品\プログラム\ver5.6 すてーじ3\release\selectmode.obj
c:\users\game101\desktop\展示会作品\プログラム\ver5.6 すてーじ3\release\score.obj
c:\users\game101\desktop\展示会作品\プログラム\ver5.6 すてーじ3\release\scenex.obj
c:\users\game101\desktop\展示会作品\プログラム\ver5.6 すてーじ3\release\scene3d.obj
c:\users\game101\desktop\展示会作品\プログラム\ver5.6 すてーじ3\release\scene2d.obj
c:\users\game101\desktop\展示会作品\プログラム\ver5.6 すてーじ3\release\scene.obj
c:\users\game101\desktop\展示会作品\プログラム\ver5.6 すてーじ3\release\result.obj
c:\users\game101\desktop\展示会作品\プログラム\ver5.6 すてーじ3\release\renderer.obj
c:\users\game101\desktop\展示会作品\プログラム\ver5.6 すてーじ3\release\player.obj
c:\users\game101\desktop\展示会作品\プログラム\ver5.6 すてーじ3\release\pause.obj
c:\users\game101\desktop\展示会作品\プログラム\ver5.6 すてーじ3\release\orbit.obj
c:\users\game101\desktop\展示会作品\プログラム\ver5.7\release\vc140.pdb
c:\users\game101\desktop\展示会作品\プログラム\ver5.7\release\number.obj
c:\users\game101\desktop\展示会作品\プログラム\ver5.7\release\model.obj
c:\users\game101\desktop\展示会作品\プログラム\ver5.7\release\manager.obj
c:\users\game101\desktop\展示会作品\プログラム\ver5.7\release\main.obj
c:\users\game101\desktop\展示会作品\プログラム\ver5.7\release\light.obj
c:\users\game101\desktop\展示会作品\プログラム\ver5.7\release\bulletnumber.obj
c:\users\game101\desktop\展示会作品\プログラム\ver5.7\release\hpber3d.obj
c:\users\game101\desktop\展示会作品\プログラム\ver5.7\release\item.obj
c:\users\game101\desktop\展示会作品\プログラム\ver5.7\release\input.obj
c:\users\game101\desktop\展示会作品\プログラム\ver5.7\release\game.obj
c:\users\game101\desktop\展示会作品\プログラム\ver5.7\release\floor.obj
c:\users\game101\desktop\展示会作品\プログラム\ver5.7\release\fade.obj
c:\users\game101\desktop\展示会作品\プログラム\ver5.7\release\enemy.obj
c:\users\game101\desktop\展示会作品\プログラム\ver5.7\release\effect.obj
c:\users\game101\desktop\展示会作品\プログラム\ver5.7\release\debugproc.obj
c:\users\game101\desktop\展示会作品\プログラム\ver5.7\release\camera.obj
c:\users\game101\desktop\展示会作品\プログラム\ver5.7\release\bullet3d.obj
c:\users\game101\desktop\展示会作品\プログラム\ver5.7\release\bullet2d.obj
c:\users\game101\desktop\展示会作品\プログラム\ver5.7\release\block.obj
c:\users\game101\desktop\展示会作品\プログラム\ver5.7\release\3dobject.obj
c:\users\game101\desktop\展示会作品\プログラム\ver5.7\release\wall.obj
c:\users\game101\desktop\展示会作品\プログラム\ver5.7\release\ui.obj
c:\users\game101\desktop\展示会作品\プログラム\ver5.7\release\title.obj
c:\users\game101\desktop\展示会作品\プログラム\ver5.7\release\sound.obj
c:\users\game101\desktop\展示会作品\プログラム\ver5.7\release\shadow.obj
c:\users\game101\desktop\展示会作品\プログラム\ver5.7\release\selectmode.obj
c:\users\game101\desktop\展示会作品\プログラム\ver5.7\release\score.obj
c:\users\game101\desktop\展示会作品\プログラム\ver5.7\release\scenex.obj
c:\users\game101\desktop\展示会作品\プログラム\ver5.7\release\scene3d.obj
c:\users\game101\desktop\展示会作品\プログラム\ver5.7\release\scene2d.obj
c:\users\game101\desktop\展示会作品\プログラム\ver5.7\release\scene.obj
c:\users\game101\desktop\展示会作品\プログラム\ver5.7\release\result.obj
c:\users\game101\desktop\展示会作品\プログラム\ver5.7\release\renderer.obj
c:\users\game101\desktop\展示会作品\プログラム\ver5.7\release\player.obj
c:\users\game101\desktop\展示会作品\プログラム\ver5.7\release\pause.obj
c:\users\game101\desktop\展示会作品\プログラム\ver5.7\release\orbit.obj
c:\users\game101\desktop\展示会作品\プログラム\ver5.8\release\vc140.pdb
c:\users\game101\desktop\展示会作品\プログラム\ver5.8\release\number.obj
c:\users\game101\desktop\展示会作品\プログラム\ver5.8\release\model.obj
c:\users\game101\desktop\展示会作品\プログラム\ver5.8\release\manager.obj
c:\users\game101\desktop\展示会作品\プログラム\ver5.8\release\main.obj
c:\users\game101\desktop\展示会作品\プログラム\ver5.8\release\light.obj
c:\users\game101\desktop\展示会作品\プログラム\ver5.8\release\bulletnumber.obj
c:\users\game101\desktop\展示会作品\プログラム\ver5.8\release\hpber3d.obj
c:\users\game101\desktop\展示会作品\プログラム\ver5.8\release\item.obj
c:\users\game101\desktop\展示会作品\プログラム\ver5.8\release\input.obj
c:\users\game101\desktop\展示会作品\プログラム\ver5.8\release\game.obj
c:\users\game101\desktop\展示会作品\プログラム\ver5.8\release\floor.obj
c:\users\game101\desktop\展示会作品\プログラム\ver5.8\release\fade.obj
c:\users\game101\desktop\展示会作品\プログラム\ver5.8\release\enemy.obj
c:\users\game101\desktop\展示会作品\プログラム\ver5.8\release\effect.obj
c:\users\game101\desktop\展示会作品\プログラム\ver5.8\release\debugproc.obj
c:\users\game101\desktop\展示会作品\プログラム\ver5.8\release\camera.obj
c:\users\game101\desktop\展示会作品\プログラム\ver5.8\release\bullet3d.obj
c:\users\game101\desktop\展示会作品\プログラム\ver5.8\release\bullet2d.obj
c:\users\game101\desktop\展示会作品\プログラム\ver5.8\release\block.obj
c:\users\game101\desktop\展示会作品\プログラム\ver5.8\release\3dobject.obj
c:\users\game101\desktop\展示会作品\プログラム\ver5.8\release\wall.obj
c:\users\game101\desktop\展示会作品\プログラム\ver5.8\release\ui.obj
c:\users\game101\desktop\展示会作品\プログラム\ver5.8\release\title.obj
c:\users\game101\desktop\展示会作品\プログラム\ver5.8\release\sound.obj
c:\users\game101\desktop\展示会作品\プログラム\ver5.8\release\shadow.obj
c:\users\game101\desktop\展示会作品\プログラム\ver5.8\release\selectmode.obj
c:\users\game101\desktop\展示会作品\プログラム\ver5.8\release\score.obj
c:\users\game101\desktop\展示会作品\プログラム\ver5.8\release\scenex.obj
c:\users\game101\desktop\展示会作品\プログラム\ver5.8\release\scene3d.obj
c:\users\game101\desktop\展示会作品\プログラム\ver5.8\release\scene2d.obj
c:\users\game101\desktop\展示会作品\プログラム\ver5.8\release\scene.obj
c:\users\game101\desktop\展示会作品\プログラム\ver5.8\release\result.obj
c:\users\game101\desktop\展示会作品\プログラム\ver5.8\release\renderer.obj
c:\users\game101\desktop\展示会作品\プログラム\ver5.8\release\player.obj
c:\users\game101\desktop\展示会作品\プログラム\ver5.8\release\pause.obj
c:\users\game101\desktop\展示会作品\プログラム\ver5.8\release\orbit.obj
c:\users\game101\desktop\展示会作品\プログラム\ver5.9\release\vc140.pdb
c:\users\game101\desktop\展示会作品\プログラム\ver5.9\release\number.obj
c:\users\game101\desktop\展示会作品\プログラム\ver5.9\release\model.obj
c:\users\game101\desktop\展示会作品\プログラム\ver5.9\release\manager.obj
c:\users\game101\desktop\展示会作品\プログラム\ver5.9\release\main.obj
c:\users\game101\desktop\展示会作品\プログラム\ver5.9\release\light.obj
c:\users\game101\desktop\展示会作品\プログラム\ver5.9\release\bulletnumber.obj
c:\users\game101\desktop\展示会作品\プログラム\ver5.9\release\hpber3d.obj
c:\users\game101\desktop\展示会作品\プログラム\ver5.9\release\item.obj
c:\users\game101\desktop\展示会作品\プログラム\ver5.9\release\input.obj
c:\users\game101\desktop\展示会作品\プログラム\ver5.9\release\game.obj
c:\users\game101\desktop\展示会作品\プログラム\ver5.9\release\floor.obj
c:\users\game101\desktop\展示会作品\プログラム\ver5.9\release\fade.obj
c:\users\game101\desktop\展示会作品\プログラム\ver5.9\release\enemy.obj
c:\users\game101\desktop\展示会作品\プログラム\ver5.9\release\effect.obj
c:\users\game101\desktop\展示会作品\プログラム\ver5.9\release\debugproc.obj
c:\users\game101\desktop\展示会作品\プログラム\ver5.9\release\camera.obj
c:\users\game101\desktop\展示会作品\プログラム\ver5.9\release\bullet3d.obj
c:\users\game101\desktop\展示会作品\プログラム\ver5.9\release\bullet2d.obj
c:\users\game101\desktop\展示会作品\プログラム\ver5.9\release\block.obj
c:\users\game101\desktop\展示会作品\プログラム\ver5.9\release\3dobject.obj
c:\users\game101\desktop\展示会作品\プログラム\ver5.9\release\wall.obj
c:\users\game101\desktop\展示会作品\プログラム\ver5.9\release\ui.obj
c:\users\game101\desktop\展示会作品\プログラム\ver5.9\release\title.obj
c:\users\game101\desktop\展示会作品\プログラム\ver5.9\release\sound.obj
c:\users\game101\desktop\展示会作品\プログラム\ver5.9\release\shadow.obj
c:\users\game101\desktop\展示会作品\プログラム\ver5.9\release\selectmode.obj
c:\users\game101\desktop\展示会作品\プログラム\ver5.9\release\score.obj
c:\users\game101\desktop\展示会作品\プログラム\ver5.9\release\scenex.obj
c:\users\game101\desktop\展示会作品\プログラム\ver5.9\release\scene3d.obj
c:\users\game101\desktop\展示会作品\プログラム\ver5.9\release\scene2d.obj
c:\users\game101\desktop\展示会作品\プログラム\ver5.9\release\scene.obj
c:\users\game101\desktop\展示会作品\プログラム\ver5.9\release\result.obj
c:\users\game101\desktop\展示会作品\プログラム\ver5.9\release\renderer.obj
c:\users\game101\desktop\展示会作品\プログラム\ver5.9\release\player.obj
c:\users\game101\desktop\展示会作品\プログラム\ver5.9\release\pause.obj
c:\users\game101\desktop\展示会作品\プログラム\ver5.9\release\orbit.obj
c:\users\game101\desktop\展示会作品\プログラム\ver6.0\release\vc140.pdb
c:\users\game101\desktop\展示会作品\プログラム\ver6.0\release\number.obj
c:\users\game101\desktop\展示会作品\プログラム\ver6.0\release\model.obj
c:\users\game101\desktop\展示会作品\プログラム\ver6.0\release\manager.obj
c:\users\game101\desktop\展示会作品\プログラム\ver6.0\release\main.obj
c:\users\game101\desktop\展示会作品\プログラム\ver6.0\release\light.obj
c:\users\game101\desktop\展示会作品\プログラム\ver6.0\release\bulletnumber.obj
c:\users\game101\desktop\展示会作品\プログラム\ver6.0\release\hpber3d.obj
c:\users\game101\desktop\展示会作品\プログラム\ver6.0\release\item.obj
c:\users\game101\desktop\展示会作品\プログラム\ver6.0\release\input.obj
c:\users\game101\desktop\展示会作品\プログラム\ver6.0\release\game.obj
c:\users\game101\desktop\展示会作品\プログラム\ver6.0\release\floor.obj
c:\users\game101\desktop\展示会作品\プログラム\ver6.0\release\fade.obj
c:\users\game101\desktop\展示会作品\プログラム\ver6.0\release\enemy.obj
c:\users\game101\desktop\展示会作品\プログラム\ver6.0\release\effect.obj
c:\users\game101\desktop\展示会作品\プログラム\ver6.0\release\debugproc.obj
c:\users\game101\desktop\展示会作品\プログラム\ver6.0\release\camera.obj
c:\users\game101\desktop\展示会作品\プログラム\ver6.0\release\bullet3d.obj
c:\users\game101\desktop\展示会作品\プログラム\ver6.0\release\bullet2d.obj
c:\users\game101\desktop\展示会作品\プログラム\ver6.0\release\block.obj
c:\users\game101\desktop\展示会作品\プログラム\ver6.0\release\3dobject.obj
c:\users\game101\desktop\展示会作品\プログラム\ver6.0\release\wall.obj
c:\users\game101\desktop\展示会作品\プログラム\ver6.0\release\ui.obj
c:\users\game101\desktop\展示会作品\プログラム\ver6.0\release\title.obj
c:\users\game101\desktop\展示会作品\プログラム\ver6.0\release\sound.obj
c:\users\game101\desktop\展示会作品\プログラム\ver6.0\release\shadow.obj
c:\users\game101\desktop\展示会作品\プログラム\ver6.0\release\selectmode.obj
c:\users\game101\desktop\展示会作品\プログラム\ver6.0\release\score.obj
c:\users\game101\desktop\展示会作品\プログラム\ver6.0\release\scenex.obj
c:\users\game101\desktop\展示会作品\プログラム\ver6.0\release\scene3d.obj
c:\users\game101\desktop\展示会作品\プログラム\ver6.0\release\scene2d.obj
c:\users\game101\desktop\展示会作品\プログラム\ver6.0\release\scene.obj
c:\users\game101\desktop\展示会作品\プログラム\ver6.0\release\result.obj
c:\users\game101\desktop\展示会作品\プログラム\ver6.0\release\renderer.obj
c:\users\game101\desktop\展示会作品\プログラム\ver6.0\release\player.obj
c:\users\game101\desktop\展示会作品\プログラム\ver6.0\release\pause.obj
c:\users\game101\desktop\展示会作品\プログラム\ver6.0\release\orbit.obj
c:\users\game101\desktop\展示会作品\プログラム\ver6.2\release\vc140.pdb
c:\users\game101\desktop\展示会作品\プログラム\ver6.2\release\number.obj
c:\users\game101\desktop\展示会作品\プログラム\ver6.2\release\model.obj
c:\users\game101\desktop\展示会作品\プログラム\ver6.2\release\manager.obj
c:\users\game101\desktop\展示会作品\プログラム\ver6.2\release\main.obj
c:\users\game101\desktop\展示会作品\プログラム\ver6.2\release\light.obj
c:\users\game101\desktop\展示会作品\プログラム\ver6.2\release\bulletnumber.obj
c:\users\game101\desktop\展示会作品\プログラム\ver6.2\release\hpber3d.obj
c:\users\game101\desktop\展示会作品\プログラム\ver6.2\release\item.obj
c:\users\game101\desktop\展示会作品\プログラム\ver6.2\release\input.obj
c:\users\game101\desktop\展示会作品\プログラム\ver6.2\release\game.obj
c:\users\game101\desktop\展示会作品\プログラム\ver6.2\release\floor.obj
c:\users\game101\desktop\展示会作品\プログラム\ver6.2\release\fade.obj
c:\users\game101\desktop\展示会作品\プログラム\ver6.2\release\enemy.obj
c:\users\game101\desktop\展示会作品\プログラム\ver6.2\release\effect.obj
c:\users\game101\desktop\展示会作品\プログラム\ver6.2\release\debugproc.obj
c:\users\game101\desktop\展示会作品\プログラム\ver6.2\release\camera.obj
c:\users\game101\desktop\展示会作品\プログラム\ver6.2\release\bullet3d.obj
c:\users\game101\desktop\展示会作品\プログラム\ver6.2\release\bullet2d.obj
c:\users\game101\desktop\展示会作品\プログラム\ver6.2\release\block.obj
c:\users\game101\desktop\展示会作品\プログラム\ver6.2\release\3dobject.obj
c:\users\game101\desktop\展示会作品\プログラム\ver6.2\release\wall.obj
c:\users\game101\desktop\展示会作品\プログラム\ver6.2\release\ui.obj
c:\users\game101\desktop\展示会作品\プログラム\ver6.2\release\title.obj
c:\users\game101\desktop\展示会作品\プログラム\ver6.2\release\sound.obj
c:\users\game101\desktop\展示会作品\プログラム\ver6.2\release\shadow.obj
c:\users\game101\desktop\展示会作品\プログラム\ver6.2\release\selectmode.obj
c:\users\game101\desktop\展示会作品\プログラム\ver6.2\release\score.obj
c:\users\game101\desktop\展示会作品\プログラム\ver6.2\release\scenex.obj
c:\users\game101\desktop\展示会作品\プログラム\ver6.2\release\scene3d.obj
c:\users\game101\desktop\展示会作品\プログラム\ver6.2\release\scene2d.obj
c:\users\game101\desktop\展示会作品\プログラム\ver6.2\release\scene.obj
c:\users\game101\desktop\展示会作品\プログラム\ver6.2\release\result.obj
c:\users\game101\desktop\展示会作品\プログラム\ver6.2\release\renderer.obj
c:\users\game101\desktop\展示会作品\プログラム\ver6.2\release\player.obj
c:\users\game101\desktop\展示会作品\プログラム\ver6.2\release\pause.obj
c:\users\game101\desktop\展示会作品\プログラム\ver6.2\release\orbit.obj
c:\users\game101\desktop\展示会作品\プログラム\ver5.5 ゲームオーバー\release\個人制作3dゲーム2年.exe
c:\users\game101\desktop\展示会作品\プログラム\ver5.5 ゲームオーバー\release\個人制作3dゲーム2年.ipdb
c:\users\game101\desktop\展示会作品\プログラム\ver5.5 ゲームオーバー\release\個人制作3dゲーム2年.iobj
c:\users\game101\desktop\展示会作品\プログラム\ver5.5 ゲームオーバー\release\個人制作3dゲーム2年.pdb
c:\users\game101\desktop\展示会作品\プログラム\ver5.6 すてーじ3\release\個人制作3dゲーム2年.exe
c:\users\game101\desktop\展示会作品\プログラム\ver5.6 すてーじ3\release\個人制作3dゲーム2年.ipdb
c:\users\game101\desktop\展示会作品\プログラム\ver5.6 すてーじ3\release\個人制作3dゲーム2年.iobj
c:\users\game101\desktop\展示会作品\プログラム\ver5.6 すてーじ3\release\個人制作3dゲーム2年.pdb
c:\users\game101\desktop\展示会作品\プログラム\ver5.7\release\個人制作3dゲーム2年.exe
c:\users\game101\desktop\展示会作品\プログラム\ver5.7\release\個人制作3dゲーム2年.ipdb
c:\users\game101\desktop\展示会作品\プログラム\ver5.7\release\個人制作3dゲーム2年.iobj
c:\users\game101\desktop\展示会作品\プログラム\ver5.7\release\個人制作3dゲーム2年.pdb
c:\users\game101\desktop\展示会作品\プログラム\ver5.8\release\個人制作3dゲーム2年.exe
c:\users\game101\desktop\展示会作品\プログラム\ver5.8\release\個人制作3dゲーム2年.ipdb
c:\users\game101\desktop\展示会作品\プログラム\ver5.8\release\個人制作3dゲーム2年.iobj
c:\users\game101\desktop\展示会作品\プログラム\ver5.8\release\個人制作3dゲーム2年.pdb
c:\users\game101\desktop\展示会作品\プログラム\ver5.9\release\個人制作3dゲーム2年.exe
c:\users\game101\desktop\展示会作品\プログラム\ver5.9\release\個人制作3dゲーム2年.ipdb
c:\users\game101\desktop\展示会作品\プログラム\ver5.9\release\個人制作3dゲーム2年.iobj
c:\users\game101\desktop\展示会作品\プログラム\ver5.9\release\個人制作3dゲーム2年.pdb
c:\users\game101\desktop\展示会作品\プログラム\ver6.0\release\個人制作3dゲーム2年.exe
c:\users\game101\desktop\展示会作品\プログラム\ver6.0\release\個人制作3dゲーム2年.pdb
c:\users\game101\desktop\展示会作品\プログラム\ver6.2\release\個人制作3dゲーム2年.exe
c:\users\game101\desktop\展示会作品\プログラム\ver6.2\release\個人制作3dゲーム2年.pdb
c:\users\game101\desktop\展示会作品\プログラム\ver6.2\release\個人制作3dゲーム2年.ipdb
c:\users\game101\desktop\展示会作品\プログラム\ver6.2\release\個人制作3dゲーム2年.iobj
c:\users\game101\desktop\展示会作品\プログラム\ver6.2\release\個人制作3dゲーム2年.tlog\cl.command.1.tlog
c:\users\game101\desktop\展示会作品\プログラム\ver6.2\release\個人制作3dゲーム2年.tlog\cl.read.1.tlog
c:\users\game101\desktop\展示会作品\プログラム\ver6.2\release\個人制作3dゲーム2年.tlog\cl.write.1.tlog
c:\users\game101\desktop\展示会作品\プログラム\ver6.2\release\個人制作3dゲーム2年.tlog\link.command.1.tlog
c:\users\game101\desktop\展示会作品\プログラム\ver6.2\release\個人制作3dゲーム2年.tlog\link.read.1.tlog
c:\users\game101\desktop\展示会作品\プログラム\ver6.2\release\個人制作3dゲーム2年.tlog\link.write.1.tlog
