c:\users\game101\desktop\展示会作品\プログラム\ver5.2 敵追加\debug\vc140.pdb
c:\users\game101\desktop\展示会作品\プログラム\ver5.2 敵追加\debug\vc140.idb
c:\users\game101\desktop\展示会作品\プログラム\ver5.2 敵追加\debug\main.obj
c:\users\game101\desktop\展示会作品\プログラム\ver5.2 敵追加\debug\manager.obj
c:\users\game101\desktop\展示会作品\プログラム\ver5.2 敵追加\debug\model.obj
c:\users\game101\desktop\展示会作品\プログラム\ver5.2 敵追加\debug\number.obj
c:\users\game101\desktop\展示会作品\プログラム\ver5.2 敵追加\debug\orbit.obj
c:\users\game101\desktop\展示会作品\プログラム\ver5.2 敵追加\debug\pause.obj
c:\users\game101\desktop\展示会作品\プログラム\ver5.2 敵追加\debug\player.obj
c:\users\game101\desktop\展示会作品\プログラム\ver5.2 敵追加\debug\renderer.obj
c:\users\game101\desktop\展示会作品\プログラム\ver5.2 敵追加\debug\result.obj
c:\users\game101\desktop\展示会作品\プログラム\ver5.2 敵追加\debug\scene.obj
c:\users\game101\desktop\展示会作品\プログラム\ver5.2 敵追加\debug\scene2d.obj
c:\users\game101\desktop\展示会作品\プログラム\ver5.2 敵追加\debug\scene3d.obj
c:\users\game101\desktop\展示会作品\プログラム\ver5.2 敵追加\debug\scenex.obj
c:\users\game101\desktop\展示会作品\プログラム\ver5.2 敵追加\debug\score.obj
c:\users\game101\desktop\展示会作品\プログラム\ver5.2 敵追加\debug\selectmode.obj
c:\users\game101\desktop\展示会作品\プログラム\ver5.2 敵追加\debug\shadow.obj
c:\users\game101\desktop\展示会作品\プログラム\ver5.2 敵追加\debug\sound.obj
c:\users\game101\desktop\展示会作品\プログラム\ver5.2 敵追加\debug\title.obj
c:\users\game101\desktop\展示会作品\プログラム\ver5.2 敵追加\debug\ui.obj
c:\users\game101\desktop\展示会作品\プログラム\ver5.2 敵追加\debug\wall.obj
c:\users\game101\desktop\展示会作品\プログラム\ver5.2 敵追加\debug\3dobject.obj
c:\users\game101\desktop\展示会作品\プログラム\ver5.2 敵追加\debug\block.obj
c:\users\game101\desktop\展示会作品\プログラム\ver5.2 敵追加\debug\bullet2d.obj
c:\users\game101\desktop\展示会作品\プログラム\ver5.2 敵追加\debug\bullet3d.obj
c:\users\game101\desktop\展示会作品\プログラム\ver5.2 敵追加\debug\camera.obj
c:\users\game101\desktop\展示会作品\プログラム\ver5.2 敵追加\debug\debugproc.obj
c:\users\game101\desktop\展示会作品\プログラム\ver5.2 敵追加\debug\effect.obj
c:\users\game101\desktop\展示会作品\プログラム\ver5.2 敵追加\debug\enemy.obj
c:\users\game101\desktop\展示会作品\プログラム\ver5.2 敵追加\debug\fade.obj
c:\users\game101\desktop\展示会作品\プログラム\ver5.2 敵追加\debug\floor.obj
c:\users\game101\desktop\展示会作品\プログラム\ver5.2 敵追加\debug\game.obj
c:\users\game101\desktop\展示会作品\プログラム\ver5.2 敵追加\debug\input.obj
c:\users\game101\desktop\展示会作品\プログラム\ver5.2 敵追加\debug\item.obj
c:\users\game101\desktop\展示会作品\プログラム\ver5.2 敵追加\debug\hpber3d.obj
c:\users\game101\desktop\展示会作品\プログラム\ver5.2 敵追加\debug\bulletnumber.obj
c:\users\game101\desktop\展示会作品\プログラム\ver5.2 敵追加\debug\light.obj
c:\users\game101\desktop\展示会作品\プログラム\ver5.2 敵追加 - コピー\debug\vc140.pdb
c:\users\game101\desktop\展示会作品\プログラム\ver5.2 敵追加 - コピー\debug\vc140.idb
c:\users\game101\desktop\展示会作品\プログラム\ver5.2 敵追加 - コピー\debug\main.obj
c:\users\game101\desktop\展示会作品\プログラム\ver5.2 敵追加 - コピー\debug\manager.obj
c:\users\game101\desktop\展示会作品\プログラム\ver5.2 敵追加 - コピー\debug\model.obj
c:\users\game101\desktop\展示会作品\プログラム\ver5.2 敵追加 - コピー\debug\number.obj
c:\users\game101\desktop\展示会作品\プログラム\ver5.2 敵追加 - コピー\debug\orbit.obj
c:\users\game101\desktop\展示会作品\プログラム\ver5.2 敵追加 - コピー\debug\pause.obj
c:\users\game101\desktop\展示会作品\プログラム\ver5.2 敵追加 - コピー\debug\player.obj
c:\users\game101\desktop\展示会作品\プログラム\ver5.2 敵追加 - コピー\debug\renderer.obj
c:\users\game101\desktop\展示会作品\プログラム\ver5.2 敵追加 - コピー\debug\result.obj
c:\users\game101\desktop\展示会作品\プログラム\ver5.2 敵追加 - コピー\debug\scene.obj
c:\users\game101\desktop\展示会作品\プログラム\ver5.2 敵追加 - コピー\debug\scene2d.obj
c:\users\game101\desktop\展示会作品\プログラム\ver5.2 敵追加 - コピー\debug\scene3d.obj
c:\users\game101\desktop\展示会作品\プログラム\ver5.2 敵追加 - コピー\debug\scenex.obj
c:\users\game101\desktop\展示会作品\プログラム\ver5.2 敵追加 - コピー\debug\score.obj
c:\users\game101\desktop\展示会作品\プログラム\ver5.2 敵追加 - コピー\debug\selectmode.obj
c:\users\game101\desktop\展示会作品\プログラム\ver5.2 敵追加 - コピー\debug\shadow.obj
c:\users\game101\desktop\展示会作品\プログラム\ver5.2 敵追加 - コピー\debug\sound.obj
c:\users\game101\desktop\展示会作品\プログラム\ver5.2 敵追加 - コピー\debug\title.obj
c:\users\game101\desktop\展示会作品\プログラム\ver5.2 敵追加 - コピー\debug\ui.obj
c:\users\game101\desktop\展示会作品\プログラム\ver5.2 敵追加 - コピー\debug\wall.obj
c:\users\game101\desktop\展示会作品\プログラム\ver5.2 敵追加 - コピー\debug\3dobject.obj
c:\users\game101\desktop\展示会作品\プログラム\ver5.2 敵追加 - コピー\debug\block.obj
c:\users\game101\desktop\展示会作品\プログラム\ver5.2 敵追加 - コピー\debug\bullet2d.obj
c:\users\game101\desktop\展示会作品\プログラム\ver5.2 敵追加 - コピー\debug\bullet3d.obj
c:\users\game101\desktop\展示会作品\プログラム\ver5.2 敵追加 - コピー\debug\camera.obj
c:\users\game101\desktop\展示会作品\プログラム\ver5.2 敵追加 - コピー\debug\debugproc.obj
c:\users\game101\desktop\展示会作品\プログラム\ver5.2 敵追加 - コピー\debug\effect.obj
c:\users\game101\desktop\展示会作品\プログラム\ver5.2 敵追加 - コピー\debug\enemy.obj
c:\users\game101\desktop\展示会作品\プログラム\ver5.2 敵追加 - コピー\debug\fade.obj
c:\users\game101\desktop\展示会作品\プログラム\ver5.2 敵追加 - コピー\debug\floor.obj
c:\users\game101\desktop\展示会作品\プログラム\ver5.2 敵追加 - コピー\debug\game.obj
c:\users\game101\desktop\展示会作品\プログラム\ver5.2 敵追加 - コピー\debug\input.obj
c:\users\game101\desktop\展示会作品\プログラム\ver5.2 敵追加 - コピー\debug\item.obj
c:\users\game101\desktop\展示会作品\プログラム\ver5.2 敵追加 - コピー\debug\hpber3d.obj
c:\users\game101\desktop\展示会作品\プログラム\ver5.2 敵追加 - コピー\debug\bulletnumber.obj
c:\users\game101\desktop\展示会作品\プログラム\ver5.2 敵追加 - コピー\debug\light.obj
c:\users\game101\desktop\展示会作品\プログラム\ver5.3 棘\debug\vc140.pdb
c:\users\game101\desktop\展示会作品\プログラム\ver5.3 棘\debug\vc140.idb
c:\users\game101\desktop\展示会作品\プログラム\ver5.3 棘\debug\main.obj
c:\users\game101\desktop\展示会作品\プログラム\ver5.3 棘\debug\manager.obj
c:\users\game101\desktop\展示会作品\プログラム\ver5.3 棘\debug\model.obj
c:\users\game101\desktop\展示会作品\プログラム\ver5.3 棘\debug\number.obj
c:\users\game101\desktop\展示会作品\プログラム\ver5.3 棘\debug\orbit.obj
c:\users\game101\desktop\展示会作品\プログラム\ver5.3 棘\debug\pause.obj
c:\users\game101\desktop\展示会作品\プログラム\ver5.3 棘\debug\player.obj
c:\users\game101\desktop\展示会作品\プログラム\ver5.3 棘\debug\renderer.obj
c:\users\game101\desktop\展示会作品\プログラム\ver5.3 棘\debug\result.obj
c:\users\game101\desktop\展示会作品\プログラム\ver5.3 棘\debug\scene.obj
c:\users\game101\desktop\展示会作品\プログラム\ver5.3 棘\debug\scene2d.obj
c:\users\game101\desktop\展示会作品\プログラム\ver5.3 棘\debug\scene3d.obj
c:\users\game101\desktop\展示会作品\プログラム\ver5.3 棘\debug\scenex.obj
c:\users\game101\desktop\展示会作品\プログラム\ver5.3 棘\debug\score.obj
c:\users\game101\desktop\展示会作品\プログラム\ver5.3 棘\debug\selectmode.obj
c:\users\game101\desktop\展示会作品\プログラム\ver5.3 棘\debug\shadow.obj
c:\users\game101\desktop\展示会作品\プログラム\ver5.3 棘\debug\sound.obj
c:\users\game101\desktop\展示会作品\プログラム\ver5.3 棘\debug\title.obj
c:\users\game101\desktop\展示会作品\プログラム\ver5.3 棘\debug\ui.obj
c:\users\game101\desktop\展示会作品\プログラム\ver5.3 棘\debug\wall.obj
c:\users\game101\desktop\展示会作品\プログラム\ver5.3 棘\debug\3dobject.obj
c:\users\game101\desktop\展示会作品\プログラム\ver5.3 棘\debug\block.obj
c:\users\game101\desktop\展示会作品\プログラム\ver5.3 棘\debug\bullet2d.obj
c:\users\game101\desktop\展示会作品\プログラム\ver5.3 棘\debug\bullet3d.obj
c:\users\game101\desktop\展示会作品\プログラム\ver5.3 棘\debug\camera.obj
c:\users\game101\desktop\展示会作品\プログラム\ver5.3 棘\debug\debugproc.obj
c:\users\game101\desktop\展示会作品\プログラム\ver5.3 棘\debug\effect.obj
c:\users\game101\desktop\展示会作品\プログラム\ver5.3 棘\debug\enemy.obj
c:\users\game101\desktop\展示会作品\プログラム\ver5.3 棘\debug\fade.obj
c:\users\game101\desktop\展示会作品\プログラム\ver5.3 棘\debug\floor.obj
c:\users\game101\desktop\展示会作品\プログラム\ver5.3 棘\debug\game.obj
c:\users\game101\desktop\展示会作品\プログラム\ver5.3 棘\debug\input.obj
c:\users\game101\desktop\展示会作品\プログラム\ver5.3 棘\debug\item.obj
c:\users\game101\desktop\展示会作品\プログラム\ver5.3 棘\debug\hpber3d.obj
c:\users\game101\desktop\展示会作品\プログラム\ver5.3 棘\debug\bulletnumber.obj
c:\users\game101\desktop\展示会作品\プログラム\ver5.3 棘\debug\light.obj
c:\users\game101\desktop\展示会作品\プログラム\ver5.4 敵追加下に弾を撃つ\debug\vc140.pdb
c:\users\game101\desktop\展示会作品\プログラム\ver5.4 敵追加下に弾を撃つ\debug\vc140.idb
c:\users\game101\desktop\展示会作品\プログラム\ver5.4 敵追加下に弾を撃つ\debug\main.obj
c:\users\game101\desktop\展示会作品\プログラム\ver5.4 敵追加下に弾を撃つ\debug\manager.obj
c:\users\game101\desktop\展示会作品\プログラム\ver5.4 敵追加下に弾を撃つ\debug\model.obj
c:\users\game101\desktop\展示会作品\プログラム\ver5.4 敵追加下に弾を撃つ\debug\number.obj
c:\users\game101\desktop\展示会作品\プログラム\ver5.4 敵追加下に弾を撃つ\debug\orbit.obj
c:\users\game101\desktop\展示会作品\プログラム\ver5.4 敵追加下に弾を撃つ\debug\pause.obj
c:\users\game101\desktop\展示会作品\プログラム\ver5.4 敵追加下に弾を撃つ\debug\player.obj
c:\users\game101\desktop\展示会作品\プログラム\ver5.4 敵追加下に弾を撃つ\debug\renderer.obj
c:\users\game101\desktop\展示会作品\プログラム\ver5.4 敵追加下に弾を撃つ\debug\result.obj
c:\users\game101\desktop\展示会作品\プログラム\ver5.4 敵追加下に弾を撃つ\debug\scene.obj
c:\users\game101\desktop\展示会作品\プログラム\ver5.4 敵追加下に弾を撃つ\debug\scene2d.obj
c:\users\game101\desktop\展示会作品\プログラム\ver5.4 敵追加下に弾を撃つ\debug\scene3d.obj
c:\users\game101\desktop\展示会作品\プログラム\ver5.4 敵追加下に弾を撃つ\debug\scenex.obj
c:\users\game101\desktop\展示会作品\プログラム\ver5.4 敵追加下に弾を撃つ\debug\score.obj
c:\users\game101\desktop\展示会作品\プログラム\ver5.4 敵追加下に弾を撃つ\debug\selectmode.obj
c:\users\game101\desktop\展示会作品\プログラム\ver5.4 敵追加下に弾を撃つ\debug\shadow.obj
c:\users\game101\desktop\展示会作品\プログラム\ver5.4 敵追加下に弾を撃つ\debug\sound.obj
c:\users\game101\desktop\展示会作品\プログラム\ver5.4 敵追加下に弾を撃つ\debug\title.obj
c:\users\game101\desktop\展示会作品\プログラム\ver5.4 敵追加下に弾を撃つ\debug\ui.obj
c:\users\game101\desktop\展示会作品\プログラム\ver5.4 敵追加下に弾を撃つ\debug\wall.obj
c:\users\game101\desktop\展示会作品\プログラム\ver5.4 敵追加下に弾を撃つ\debug\3dobject.obj
c:\users\game101\desktop\展示会作品\プログラム\ver5.4 敵追加下に弾を撃つ\debug\block.obj
c:\users\game101\desktop\展示会作品\プログラム\ver5.4 敵追加下に弾を撃つ\debug\bullet2d.obj
c:\users\game101\desktop\展示会作品\プログラム\ver5.4 敵追加下に弾を撃つ\debug\bullet3d.obj
c:\users\game101\desktop\展示会作品\プログラム\ver5.4 敵追加下に弾を撃つ\debug\camera.obj
c:\users\game101\desktop\展示会作品\プログラム\ver5.4 敵追加下に弾を撃つ\debug\debugproc.obj
c:\users\game101\desktop\展示会作品\プログラム\ver5.4 敵追加下に弾を撃つ\debug\effect.obj
c:\users\game101\desktop\展示会作品\プログラム\ver5.4 敵追加下に弾を撃つ\debug\enemy.obj
c:\users\game101\desktop\展示会作品\プログラム\ver5.4 敵追加下に弾を撃つ\debug\fade.obj
c:\users\game101\desktop\展示会作品\プログラム\ver5.4 敵追加下に弾を撃つ\debug\floor.obj
c:\users\game101\desktop\展示会作品\プログラム\ver5.4 敵追加下に弾を撃つ\debug\game.obj
c:\users\game101\desktop\展示会作品\プログラム\ver5.4 敵追加下に弾を撃つ\debug\input.obj
c:\users\game101\desktop\展示会作品\プログラム\ver5.4 敵追加下に弾を撃つ\debug\item.obj
c:\users\game101\desktop\展示会作品\プログラム\ver5.4 敵追加下に弾を撃つ\debug\hpber3d.obj
c:\users\game101\desktop\展示会作品\プログラム\ver5.4 敵追加下に弾を撃つ\debug\bulletnumber.obj
c:\users\game101\desktop\展示会作品\プログラム\ver5.4 敵追加下に弾を撃つ\debug\light.obj
c:\users\game101\desktop\展示会作品\プログラム\ver5.5 ゲームオーバー\debug\vc140.pdb
c:\users\game101\desktop\展示会作品\プログラム\ver5.5 ゲームオーバー\debug\vc140.idb
c:\users\game101\desktop\展示会作品\プログラム\ver5.5 ゲームオーバー\debug\main.obj
c:\users\game101\desktop\展示会作品\プログラム\ver5.5 ゲームオーバー\debug\manager.obj
c:\users\game101\desktop\展示会作品\プログラム\ver5.5 ゲームオーバー\debug\model.obj
c:\users\game101\desktop\展示会作品\プログラム\ver5.5 ゲームオーバー\debug\number.obj
c:\users\game101\desktop\展示会作品\プログラム\ver5.5 ゲームオーバー\debug\orbit.obj
c:\users\game101\desktop\展示会作品\プログラム\ver5.5 ゲームオーバー\debug\pause.obj
c:\users\game101\desktop\展示会作品\プログラム\ver5.5 ゲームオーバー\debug\player.obj
c:\users\game101\desktop\展示会作品\プログラム\ver5.5 ゲームオーバー\debug\renderer.obj
c:\users\game101\desktop\展示会作品\プログラム\ver5.5 ゲームオーバー\debug\result.obj
c:\users\game101\desktop\展示会作品\プログラム\ver5.5 ゲームオーバー\debug\scene.obj
c:\users\game101\desktop\展示会作品\プログラム\ver5.5 ゲームオーバー\debug\scene2d.obj
c:\users\game101\desktop\展示会作品\プログラム\ver5.5 ゲームオーバー\debug\scene3d.obj
c:\users\game101\desktop\展示会作品\プログラム\ver5.5 ゲームオーバー\debug\scenex.obj
c:\users\game101\desktop\展示会作品\プログラム\ver5.5 ゲームオーバー\debug\score.obj
c:\users\game101\desktop\展示会作品\プログラム\ver5.5 ゲームオーバー\debug\selectmode.obj
c:\users\game101\desktop\展示会作品\プログラム\ver5.5 ゲームオーバー\debug\shadow.obj
c:\users\game101\desktop\展示会作品\プログラム\ver5.5 ゲームオーバー\debug\sound.obj
c:\users\game101\desktop\展示会作品\プログラム\ver5.5 ゲームオーバー\debug\title.obj
c:\users\game101\desktop\展示会作品\プログラム\ver5.5 ゲームオーバー\debug\ui.obj
c:\users\game101\desktop\展示会作品\プログラム\ver5.5 ゲームオーバー\debug\wall.obj
c:\users\game101\desktop\展示会作品\プログラム\ver5.5 ゲームオーバー\debug\3dobject.obj
c:\users\game101\desktop\展示会作品\プログラム\ver5.5 ゲームオーバー\debug\block.obj
c:\users\game101\desktop\展示会作品\プログラム\ver5.5 ゲームオーバー\debug\bullet2d.obj
c:\users\game101\desktop\展示会作品\プログラム\ver5.5 ゲームオーバー\debug\bullet3d.obj
c:\users\game101\desktop\展示会作品\プログラム\ver5.5 ゲームオーバー\debug\camera.obj
c:\users\game101\desktop\展示会作品\プログラム\ver5.5 ゲームオーバー\debug\debugproc.obj
c:\users\game101\desktop\展示会作品\プログラム\ver5.5 ゲームオーバー\debug\effect.obj
c:\users\game101\desktop\展示会作品\プログラム\ver5.5 ゲームオーバー\debug\enemy.obj
c:\users\game101\desktop\展示会作品\プログラム\ver5.5 ゲームオーバー\debug\fade.obj
c:\users\game101\desktop\展示会作品\プログラム\ver5.5 ゲームオーバー\debug\floor.obj
c:\users\game101\desktop\展示会作品\プログラム\ver5.5 ゲームオーバー\debug\game.obj
c:\users\game101\desktop\展示会作品\プログラム\ver5.5 ゲームオーバー\debug\input.obj
c:\users\game101\desktop\展示会作品\プログラム\ver5.5 ゲームオーバー\debug\item.obj
c:\users\game101\desktop\展示会作品\プログラム\ver5.5 ゲームオーバー\debug\hpber3d.obj
c:\users\game101\desktop\展示会作品\プログラム\ver5.5 ゲームオーバー\debug\bulletnumber.obj
c:\users\game101\desktop\展示会作品\プログラム\ver5.5 ゲームオーバー\debug\light.obj
c:\users\game101\desktop\展示会作品\プログラム\ver5.6 すてーじ3\debug\vc140.pdb
c:\users\game101\desktop\展示会作品\プログラム\ver5.6 すてーじ3\debug\vc140.idb
c:\users\game101\desktop\展示会作品\プログラム\ver5.6 すてーじ3\debug\main.obj
c:\users\game101\desktop\展示会作品\プログラム\ver5.6 すてーじ3\debug\manager.obj
c:\users\game101\desktop\展示会作品\プログラム\ver5.6 すてーじ3\debug\model.obj
c:\users\game101\desktop\展示会作品\プログラム\ver5.6 すてーじ3\debug\number.obj
c:\users\game101\desktop\展示会作品\プログラム\ver5.6 すてーじ3\debug\orbit.obj
c:\users\game101\desktop\展示会作品\プログラム\ver5.6 すてーじ3\debug\pause.obj
c:\users\game101\desktop\展示会作品\プログラム\ver5.6 すてーじ3\debug\player.obj
c:\users\game101\desktop\展示会作品\プログラム\ver5.6 すてーじ3\debug\renderer.obj
c:\users\game101\desktop\展示会作品\プログラム\ver5.6 すてーじ3\debug\result.obj
c:\users\game101\desktop\展示会作品\プログラム\ver5.6 すてーじ3\debug\scene.obj
c:\users\game101\desktop\展示会作品\プログラム\ver5.6 すてーじ3\debug\scene2d.obj
c:\users\game101\desktop\展示会作品\プログラム\ver5.6 すてーじ3\debug\scene3d.obj
c:\users\game101\desktop\展示会作品\プログラム\ver5.6 すてーじ3\debug\scenex.obj
c:\users\game101\desktop\展示会作品\プログラム\ver5.6 すてーじ3\debug\score.obj
c:\users\game101\desktop\展示会作品\プログラム\ver5.6 すてーじ3\debug\selectmode.obj
c:\users\game101\desktop\展示会作品\プログラム\ver5.6 すてーじ3\debug\shadow.obj
c:\users\game101\desktop\展示会作品\プログラム\ver5.6 すてーじ3\debug\sound.obj
c:\users\game101\desktop\展示会作品\プログラム\ver5.6 すてーじ3\debug\title.obj
c:\users\game101\desktop\展示会作品\プログラム\ver5.6 すてーじ3\debug\ui.obj
c:\users\game101\desktop\展示会作品\プログラム\ver5.6 すてーじ3\debug\wall.obj
c:\users\game101\desktop\展示会作品\プログラム\ver5.6 すてーじ3\debug\3dobject.obj
c:\users\game101\desktop\展示会作品\プログラム\ver5.6 すてーじ3\debug\block.obj
c:\users\game101\desktop\展示会作品\プログラム\ver5.6 すてーじ3\debug\bullet2d.obj
c:\users\game101\desktop\展示会作品\プログラム\ver5.6 すてーじ3\debug\bullet3d.obj
c:\users\game101\desktop\展示会作品\プログラム\ver5.6 すてーじ3\debug\camera.obj
c:\users\game101\desktop\展示会作品\プログラム\ver5.6 すてーじ3\debug\debugproc.obj
c:\users\game101\desktop\展示会作品\プログラム\ver5.6 すてーじ3\debug\effect.obj
c:\users\game101\desktop\展示会作品\プログラム\ver5.6 すてーじ3\debug\enemy.obj
c:\users\game101\desktop\展示会作品\プログラム\ver5.6 すてーじ3\debug\fade.obj
c:\users\game101\desktop\展示会作品\プログラム\ver5.6 すてーじ3\debug\floor.obj
c:\users\game101\desktop\展示会作品\プログラム\ver5.6 すてーじ3\debug\game.obj
c:\users\game101\desktop\展示会作品\プログラム\ver5.6 すてーじ3\debug\input.obj
c:\users\game101\desktop\展示会作品\プログラム\ver5.6 すてーじ3\debug\item.obj
c:\users\game101\desktop\展示会作品\プログラム\ver5.6 すてーじ3\debug\hpber3d.obj
c:\users\game101\desktop\展示会作品\プログラム\ver5.6 すてーじ3\debug\bulletnumber.obj
c:\users\game101\desktop\展示会作品\プログラム\ver5.6 すてーじ3\debug\light.obj
c:\users\game101\desktop\展示会作品\プログラム\ver5.7\debug\vc140.pdb
c:\users\game101\desktop\展示会作品\プログラム\ver5.7\debug\vc140.idb
c:\users\game101\desktop\展示会作品\プログラム\ver5.7\debug\main.obj
c:\users\game101\desktop\展示会作品\プログラム\ver5.7\debug\manager.obj
c:\users\game101\desktop\展示会作品\プログラム\ver5.7\debug\model.obj
c:\users\game101\desktop\展示会作品\プログラム\ver5.7\debug\number.obj
c:\users\game101\desktop\展示会作品\プログラム\ver5.7\debug\orbit.obj
c:\users\game101\desktop\展示会作品\プログラム\ver5.7\debug\pause.obj
c:\users\game101\desktop\展示会作品\プログラム\ver5.7\debug\player.obj
c:\users\game101\desktop\展示会作品\プログラム\ver5.7\debug\renderer.obj
c:\users\game101\desktop\展示会作品\プログラム\ver5.7\debug\result.obj
c:\users\game101\desktop\展示会作品\プログラム\ver5.7\debug\scene.obj
c:\users\game101\desktop\展示会作品\プログラム\ver5.7\debug\scene2d.obj
c:\users\game101\desktop\展示会作品\プログラム\ver5.7\debug\scene3d.obj
c:\users\game101\desktop\展示会作品\プログラム\ver5.7\debug\scenex.obj
c:\users\game101\desktop\展示会作品\プログラム\ver5.7\debug\score.obj
c:\users\game101\desktop\展示会作品\プログラム\ver5.7\debug\selectmode.obj
c:\users\game101\desktop\展示会作品\プログラム\ver5.7\debug\shadow.obj
c:\users\game101\desktop\展示会作品\プログラム\ver5.7\debug\sound.obj
c:\users\game101\desktop\展示会作品\プログラム\ver5.7\debug\title.obj
c:\users\game101\desktop\展示会作品\プログラム\ver5.7\debug\ui.obj
c:\users\game101\desktop\展示会作品\プログラム\ver5.7\debug\wall.obj
c:\users\game101\desktop\展示会作品\プログラム\ver5.7\debug\3dobject.obj
c:\users\game101\desktop\展示会作品\プログラム\ver5.7\debug\block.obj
c:\users\game101\desktop\展示会作品\プログラム\ver5.7\debug\bullet2d.obj
c:\users\game101\desktop\展示会作品\プログラム\ver5.7\debug\bullet3d.obj
c:\users\game101\desktop\展示会作品\プログラム\ver5.7\debug\camera.obj
c:\users\game101\desktop\展示会作品\プログラム\ver5.7\debug\debugproc.obj
c:\users\game101\desktop\展示会作品\プログラム\ver5.7\debug\effect.obj
c:\users\game101\desktop\展示会作品\プログラム\ver5.7\debug\enemy.obj
c:\users\game101\desktop\展示会作品\プログラム\ver5.7\debug\fade.obj
c:\users\game101\desktop\展示会作品\プログラム\ver5.7\debug\floor.obj
c:\users\game101\desktop\展示会作品\プログラム\ver5.7\debug\game.obj
c:\users\game101\desktop\展示会作品\プログラム\ver5.7\debug\input.obj
c:\users\game101\desktop\展示会作品\プログラム\ver5.7\debug\item.obj
c:\users\game101\desktop\展示会作品\プログラム\ver5.7\debug\hpber3d.obj
c:\users\game101\desktop\展示会作品\プログラム\ver5.7\debug\bulletnumber.obj
c:\users\game101\desktop\展示会作品\プログラム\ver5.7\debug\light.obj
c:\users\game101\desktop\展示会作品\プログラム\ver5.8\debug\vc140.pdb
c:\users\game101\desktop\展示会作品\プログラム\ver5.8\debug\vc140.idb
c:\users\game101\desktop\展示会作品\プログラム\ver5.8\debug\main.obj
c:\users\game101\desktop\展示会作品\プログラム\ver5.8\debug\manager.obj
c:\users\game101\desktop\展示会作品\プログラム\ver5.8\debug\model.obj
c:\users\game101\desktop\展示会作品\プログラム\ver5.8\debug\number.obj
c:\users\game101\desktop\展示会作品\プログラム\ver5.8\debug\orbit.obj
c:\users\game101\desktop\展示会作品\プログラム\ver5.8\debug\pause.obj
c:\users\game101\desktop\展示会作品\プログラム\ver5.8\debug\player.obj
c:\users\game101\desktop\展示会作品\プログラム\ver5.8\debug\renderer.obj
c:\users\game101\desktop\展示会作品\プログラム\ver5.8\debug\result.obj
c:\users\game101\desktop\展示会作品\プログラム\ver5.8\debug\scene.obj
c:\users\game101\desktop\展示会作品\プログラム\ver5.8\debug\scene2d.obj
c:\users\game101\desktop\展示会作品\プログラム\ver5.8\debug\scene3d.obj
c:\users\game101\desktop\展示会作品\プログラム\ver5.8\debug\scenex.obj
c:\users\game101\desktop\展示会作品\プログラム\ver5.8\debug\score.obj
c:\users\game101\desktop\展示会作品\プログラム\ver5.8\debug\selectmode.obj
c:\users\game101\desktop\展示会作品\プログラム\ver5.8\debug\shadow.obj
c:\users\game101\desktop\展示会作品\プログラム\ver5.8\debug\sound.obj
c:\users\game101\desktop\展示会作品\プログラム\ver5.8\debug\title.obj
c:\users\game101\desktop\展示会作品\プログラム\ver5.8\debug\ui.obj
c:\users\game101\desktop\展示会作品\プログラム\ver5.8\debug\wall.obj
c:\users\game101\desktop\展示会作品\プログラム\ver5.8\debug\3dobject.obj
c:\users\game101\desktop\展示会作品\プログラム\ver5.8\debug\block.obj
c:\users\game101\desktop\展示会作品\プログラム\ver5.8\debug\bullet2d.obj
c:\users\game101\desktop\展示会作品\プログラム\ver5.8\debug\bullet3d.obj
c:\users\game101\desktop\展示会作品\プログラム\ver5.8\debug\camera.obj
c:\users\game101\desktop\展示会作品\プログラム\ver5.8\debug\debugproc.obj
c:\users\game101\desktop\展示会作品\プログラム\ver5.8\debug\effect.obj
c:\users\game101\desktop\展示会作品\プログラム\ver5.8\debug\enemy.obj
c:\users\game101\desktop\展示会作品\プログラム\ver5.8\debug\fade.obj
c:\users\game101\desktop\展示会作品\プログラム\ver5.8\debug\floor.obj
c:\users\game101\desktop\展示会作品\プログラム\ver5.8\debug\input.obj
c:\users\game101\desktop\展示会作品\プログラム\ver5.8\debug\item.obj
c:\users\game101\desktop\展示会作品\プログラム\ver5.8\debug\hpber3d.obj
c:\users\game101\desktop\展示会作品\プログラム\ver5.8\debug\bulletnumber.obj
c:\users\game101\desktop\展示会作品\プログラム\ver5.8\debug\light.obj
c:\users\game101\desktop\展示会作品\プログラム\ver5.8\debug\game.obj
c:\users\game101\desktop\展示会作品\プログラム\ver5.9\debug\vc140.pdb
c:\users\game101\desktop\展示会作品\プログラム\ver5.9\debug\vc140.idb
c:\users\game101\desktop\展示会作品\プログラム\ver5.9\debug\main.obj
c:\users\game101\desktop\展示会作品\プログラム\ver5.9\debug\manager.obj
c:\users\game101\desktop\展示会作品\プログラム\ver5.9\debug\model.obj
c:\users\game101\desktop\展示会作品\プログラム\ver5.9\debug\number.obj
c:\users\game101\desktop\展示会作品\プログラム\ver5.9\debug\orbit.obj
c:\users\game101\desktop\展示会作品\プログラム\ver5.9\debug\pause.obj
c:\users\game101\desktop\展示会作品\プログラム\ver5.9\debug\player.obj
c:\users\game101\desktop\展示会作品\プログラム\ver5.9\debug\renderer.obj
c:\users\game101\desktop\展示会作品\プログラム\ver5.9\debug\result.obj
c:\users\game101\desktop\展示会作品\プログラム\ver5.9\debug\scene.obj
c:\users\game101\desktop\展示会作品\プログラム\ver5.9\debug\scene2d.obj
c:\users\game101\desktop\展示会作品\プログラム\ver5.9\debug\scene3d.obj
c:\users\game101\desktop\展示会作品\プログラム\ver5.9\debug\scenex.obj
c:\users\game101\desktop\展示会作品\プログラム\ver5.9\debug\score.obj
c:\users\game101\desktop\展示会作品\プログラム\ver5.9\debug\selectmode.obj
c:\users\game101\desktop\展示会作品\プログラム\ver5.9\debug\shadow.obj
c:\users\game101\desktop\展示会作品\プログラム\ver5.9\debug\sound.obj
c:\users\game101\desktop\展示会作品\プログラム\ver5.9\debug\title.obj
c:\users\game101\desktop\展示会作品\プログラム\ver5.9\debug\ui.obj
c:\users\game101\desktop\展示会作品\プログラム\ver5.9\debug\wall.obj
c:\users\game101\desktop\展示会作品\プログラム\ver5.9\debug\3dobject.obj
c:\users\game101\desktop\展示会作品\プログラム\ver5.9\debug\block.obj
c:\users\game101\desktop\展示会作品\プログラム\ver5.9\debug\bullet2d.obj
c:\users\game101\desktop\展示会作品\プログラム\ver5.9\debug\bullet3d.obj
c:\users\game101\desktop\展示会作品\プログラム\ver5.9\debug\camera.obj
c:\users\game101\desktop\展示会作品\プログラム\ver5.9\debug\debugproc.obj
c:\users\game101\desktop\展示会作品\プログラム\ver5.9\debug\effect.obj
c:\users\game101\desktop\展示会作品\プログラム\ver5.9\debug\enemy.obj
c:\users\game101\desktop\展示会作品\プログラム\ver5.9\debug\fade.obj
c:\users\game101\desktop\展示会作品\プログラム\ver5.9\debug\floor.obj
c:\users\game101\desktop\展示会作品\プログラム\ver5.9\debug\game.obj
c:\users\game101\desktop\展示会作品\プログラム\ver5.9\debug\input.obj
c:\users\game101\desktop\展示会作品\プログラム\ver5.9\debug\item.obj
c:\users\game101\desktop\展示会作品\プログラム\ver5.9\debug\hpber3d.obj
c:\users\game101\desktop\展示会作品\プログラム\ver5.9\debug\bulletnumber.obj
c:\users\game101\desktop\展示会作品\プログラム\ver5.9\debug\light.obj
c:\users\game101\desktop\展示会作品\プログラム\ver5.2 敵追加\debug\個人制作3dゲーム2年.ilk
c:\users\game101\desktop\展示会作品\プログラム\ver5.2 敵追加\debug\個人制作3dゲーム2年.exe
c:\users\game101\desktop\展示会作品\プログラム\ver5.2 敵追加\debug\個人制作3dゲーム2年.pdb
c:\users\game101\desktop\展示会作品\プログラム\ver5.2 敵追加 - コピー\debug\個人制作3dゲーム2年.ilk
c:\users\game101\desktop\展示会作品\プログラム\ver5.2 敵追加 - コピー\debug\個人制作3dゲーム2年.exe
c:\users\game101\desktop\展示会作品\プログラム\ver5.2 敵追加 - コピー\debug\個人制作3dゲーム2年.pdb
c:\users\game101\desktop\展示会作品\プログラム\ver5.3 棘\debug\個人制作3dゲーム2年.ilk
c:\users\game101\desktop\展示会作品\プログラム\ver5.3 棘\debug\個人制作3dゲーム2年.exe
c:\users\game101\desktop\展示会作品\プログラム\ver5.3 棘\debug\個人制作3dゲーム2年.pdb
c:\users\game101\desktop\展示会作品\プログラム\ver5.4 敵追加下に弾を撃つ\debug\個人制作3dゲーム2年.ilk
c:\users\game101\desktop\展示会作品\プログラム\ver5.4 敵追加下に弾を撃つ\debug\個人制作3dゲーム2年.exe
c:\users\game101\desktop\展示会作品\プログラム\ver5.4 敵追加下に弾を撃つ\debug\個人制作3dゲーム2年.pdb
c:\users\game101\desktop\展示会作品\プログラム\ver5.5 ゲームオーバー\debug\個人制作3dゲーム2年.ilk
c:\users\game101\desktop\展示会作品\プログラム\ver5.5 ゲームオーバー\debug\個人制作3dゲーム2年.exe
c:\users\game101\desktop\展示会作品\プログラム\ver5.5 ゲームオーバー\debug\個人制作3dゲーム2年.pdb
c:\users\game101\desktop\展示会作品\プログラム\ver5.6 すてーじ3\debug\個人制作3dゲーム2年.ilk
c:\users\game101\desktop\展示会作品\プログラム\ver5.6 すてーじ3\debug\個人制作3dゲーム2年.exe
c:\users\game101\desktop\展示会作品\プログラム\ver5.6 すてーじ3\debug\個人制作3dゲーム2年.pdb
c:\users\game101\desktop\展示会作品\プログラム\ver5.7\debug\個人制作3dゲーム2年.ilk
c:\users\game101\desktop\展示会作品\プログラム\ver5.7\debug\個人制作3dゲーム2年.exe
c:\users\game101\desktop\展示会作品\プログラム\ver5.7\debug\個人制作3dゲーム2年.pdb
c:\users\game101\desktop\展示会作品\プログラム\ver5.8\debug\個人制作3dゲーム2年.ilk
c:\users\game101\desktop\展示会作品\プログラム\ver5.8\debug\個人制作3dゲーム2年.exe
c:\users\game101\desktop\展示会作品\プログラム\ver5.8\debug\個人制作3dゲーム2年.pdb
c:\users\game101\desktop\展示会作品\プログラム\ver5.9\debug\個人制作3dゲーム2年.ilk
c:\users\game101\desktop\展示会作品\プログラム\ver5.9\debug\個人制作3dゲーム2年.exe
c:\users\game101\desktop\展示会作品\プログラム\ver5.9\debug\個人制作3dゲーム2年.pdb
c:\users\game101\desktop\展示会作品\プログラム\ver5.9\debug\個人制作3dゲーム2年.tlog\cl.command.1.tlog
c:\users\game101\desktop\展示会作品\プログラム\ver5.9\debug\個人制作3dゲーム2年.tlog\cl.read.1.tlog
c:\users\game101\desktop\展示会作品\プログラム\ver5.9\debug\個人制作3dゲーム2年.tlog\cl.write.1.tlog
c:\users\game101\desktop\展示会作品\プログラム\ver5.9\debug\個人制作3dゲーム2年.tlog\link.command.1.tlog
c:\users\game101\desktop\展示会作品\プログラム\ver5.9\debug\個人制作3dゲーム2年.tlog\link.read.1.tlog
c:\users\game101\desktop\展示会作品\プログラム\ver5.9\debug\個人制作3dゲーム2年.tlog\link.write.1.tlog
